*** 2018/4/25 11:31:59:500 -- Reading server config file c:\airlines\ind_air\.conf
*** 2018/4/25 11:31:59:500 -- <server version="10.1.2.0.2">
   <cache class="oracle.reports.cache.RWCache">
      <property name="cacheSize" value="50"/>
      <!--property name="cacheDir" value="your cache directory"/-->
      <!--property name="maxCacheFileNumber" value="max number of cache files"/-->
      <!--property name="ignoreParameters" value="parameter names to be ignored in constructing cache key, separated by comma ','"/-->
   </cache>
   <!--Please do not change the id for reports engine.-->
   <!--The class specifies below is subclass of _EngineClassImplBase and implements EngineInterface.-->
   <engine id="rwEng" class="oracle.reports.engine.EngineImpl" initEngine="1" maxEngine="1" minEngine="0" engLife="50" maxIdle="30" callbackTimeOut="90000">
      <!--property name="sourceDir" value="your reports source directory"/-->
      <!--property name="tempDir" value="your reports temp directory"/-->
      <!--property name="keepConnection" value="yes"/-->
   </engine>
   <engine id="rwURLEng" class="oracle.reports.urlengine.URLEngineImpl" initEngine="1" maxEngine="1" minEngine="0" engLife="50" maxIdle="30" callbackTimeOut="60000"/>
   <!--security id="rwSec" class="oracle.reports.server.RWSecurity">
      <property name="securityUserid" value="%PORTAL_DB_USERNAME%/%PORTAL_DB_PASSWORD%@%PORTAL_DB_TNSNAME%" confidential="yes" encrypted="no"/>
      <property name="oidEntity" value="%REPORTS_OID_ENTITY%"/>
   </security-->
   <!--destination destype="oraclePortal" class="oracle.reports.server.DesOraclePortal">
      <property name="portalUserid" value="%PORTAL_DB_USERNAME%/%PORTAL_DB_PASSWORD%@%PORTAL_DB_TNSNAME%" confidential="yes" encrypted="no"/>
   </destination-->
   <destination destype="ftp" class="oracle.reports.plugin.destination.ftp.DesFTP">
      <!--property name="proxy" value="proxyinfo.xml"/-->
   </destination>
   <destination destype="WebDav" class="oracle.reports.plugin.destination.webdav.DesWebDAV">
      <!--property name="proxy" value="proxyinfo.xml"/-->
   </destination>
   <!-- By default server will use rwnetwork.conf as network config file
        Use this element to override the same  -->
   <!--networkConfig file="rwnetwork.conf"></networkConfig-->
   <job jobType="report" engineId="rwEng"/>
   <job jobType="rwurl" engineId="rwURLEng"/>
   <notification id="mailNotify" class="oracle.reports.server.MailNotify">
      <property name="succnotefile" value="succnote.txt"/>
      <property name="failnotefile" value="failnote.txt"/>
   </notification>
   <!--notification id="wfNotify" class="oracle.reports.server.WorkflowNotify">
      <property name="connStr" value="%WF_DB_USERNAME%/%WF_DB_PASSWORD%@%WF_DB_TNSNAME%" confidential="yes" encrypted="no"/>
   </notification-->
   <log option="noJob"/>
   <!--jobStatusRepository class="oracle.reports.server.JobRepositoryDB">
      <property name="repositoryConn" value="repo_db_username/repo_db_password@repo_db_tnsname" confidential="yes" encrypted="no"/>
   </jobStatusRepository-->
   <!--trace traceOpts="trace_all"/-->
   <connection maxConnect="20" idleTimeOut="15">
      <orbClient id="RWClient" publicKeyFile="clientpub.key"/>
   </connection>
   <queue maxQueueSize="1000"/>
   <!--jobRecovery auxDatFiles="yes"/-->
   <!--
      The value of the 'identifier' element is encrypted and is of the form SERVERACCESSKEY_USER/SERVERACCESSKEY_PASSWORD 

      SERVERACCESSKEY_USER and SERVERACCESSKEY_PASSWORD in <server>.conf and targets.xml
      file should match for Reports EM pages to display data correctly.

      Corresponding entries of username and password in targets.xml:
      <Property NAME="Password" VALUE="SERVERACCESSKEY_PASSWORD" ENCRYPTED="FALSE"/>
      <Property NAME="UserName" VALUE="SERVERACCESSKEY_USER" ENCRYPTED="FALSE"/>  
   -->
   <pluginParam name="mailServer"/>
   <!--pluginParam name="proxy" type="file">proxyinfo.xml</pluginParam-->
   <pluginParam name="xmlpds" type="file">xmlpds.conf</pluginParam>
   <pluginParam name="jdbcpds" type="file">jdbcpds.conf</pluginParam>
   <pluginParam name="textpds" type="file">textpds.conf</pluginParam>
</server>

*** 2018/4/25 11:31:59:515 -- Reports Server is starting up
*** 2018/4/25 11:32:19:578 -- Server is shutting down
*** 2018/4/25 11:32:19:843 -- java.lang.NullPointerException
*** 2018/4/25 11:32:19:843 -- Server is shutting down
